0 info it worked if it ends with ok
1 verbose cli [ '/usr/local/bin/node',
1 verbose cli   '/usr/local/bin/npm',
1 verbose cli   'run',
1 verbose cli   'dereksFix' ]
2 info using npm@3.9.2
3 info using node@v6.2.0
4 verbose run-script [ 'predereksFix', 'dereksFix', 'postdereksFix' ]
5 info lifecycle hungryNow2@1.0.0~predereksFix: hungryNow2@1.0.0
6 silly lifecycle hungryNow2@1.0.0~predereksFix: no script for predereksFix, continuing
7 info lifecycle hungryNow2@1.0.0~dereksFix: hungryNow2@1.0.0
8 verbose lifecycle hungryNow2@1.0.0~dereksFix: unsafe-perm in lifecycle true
9 verbose lifecycle hungryNow2@1.0.0~dereksFix: PATH: /usr/local/lib/node_modules/npm/bin/node-gyp-bin:/Users/student/Desktop/hungryNow2/node_modules/.bin:/usr/local/bin:/usr/local/heroku/bin:/Users/student/.bin:/Users/student/bin:/Users/student/sbin:/usr/local/bin:/usr/local/sbin:/usr/bin:/bin:/usr/sbin:/sbin
10 verbose lifecycle hungryNow2@1.0.0~dereksFix: CWD: /Users/student/Desktop/hungryNow2
11 silly lifecycle hungryNow2@1.0.0~dereksFix: Args: [ '-c', 'npm run lint -s -- --fix' ]
12 silly lifecycle hungryNow2@1.0.0~dereksFix: Returned: code: 1  signal: null
13 info lifecycle hungryNow2@1.0.0~dereksFix: Failed to exec dereksFix script
14 verbose stack Error: hungryNow2@1.0.0 dereksFix: `npm run lint -s -- --fix`
14 verbose stack Exit status 1
14 verbose stack     at EventEmitter.<anonymous> (/usr/local/lib/node_modules/npm/lib/utils/lifecycle.js:245:16)
14 verbose stack     at emitTwo (events.js:106:13)
14 verbose stack     at EventEmitter.emit (events.js:191:7)
14 verbose stack     at ChildProcess.<anonymous> (/usr/local/lib/node_modules/npm/lib/utils/spawn.js:24:14)
14 verbose stack     at emitTwo (events.js:106:13)
14 verbose stack     at ChildProcess.emit (events.js:191:7)
14 verbose stack     at maybeClose (internal/child_process.js:850:16)
14 verbose stack     at Process.ChildProcess._handle.onexit (internal/child_process.js:215:5)
15 verbose pkgid hungryNow2@1.0.0
16 verbose cwd /Users/student/Desktop/hungryNow2
17 error Darwin 14.5.0
18 error argv "/usr/local/bin/node" "/usr/local/bin/npm" "run" "dereksFix"
19 error node v6.2.0
20 error npm  v3.9.2
21 error code ELIFECYCLE
22 error hungryNow2@1.0.0 dereksFix: `npm run lint -s -- --fix`
22 error Exit status 1
23 error Failed at the hungryNow2@1.0.0 dereksFix script 'npm run lint -s -- --fix'.
23 error Make sure you have the latest version of node.js and npm installed.
23 error If you do, this is most likely a problem with the hungryNow2 package,
23 error not with npm itself.
23 error Tell the author that this fails on your system:
23 error     npm run lint -s -- --fix
23 error You can get information on how to open an issue for this project with:
23 error     npm bugs hungryNow2
23 error Or if that isn't available, you can get their info via:
23 error     npm owner ls hungryNow2
23 error There is likely additional logging output above.
24 verbose exit [ 1, true ]
